2025-09-24 17:32:58,235 | INFO | Logging initialized at experiments/payment/reports/run.log
2025-09-24 17:32:58,278 | INFO | Loaded data/payment/processed/Fraudulent_E-Commerce_Transaction_Data.csv with 23634 rows, 16 columns
2025-09-24 17:32:58,291 | INFO | Dropped 0 duplicate rows
2025-09-24 17:32:58,311 | INFO | Feature engineering complete. Shape: (23634, 18)
2025-09-24 17:32:58,788 | INFO | Saved model: experiments/payment/models/log_reg.joblib
2025-09-24 17:33:03,543 | INFO | Saved model: experiments/payment/models/random_forest.joblib
2025-09-24 17:33:05,055 | INFO | Saved model: experiments/payment/models/xgboost.joblib
2025-09-24 17:33:05,229 | INFO | log_reg | Acc=0.969 Prec=0.896 Rec=0.447 F1=0.596 AUC=0.826
2025-09-24 17:33:06,141 | INFO | random_forest | Acc=0.950 Prec=1.000 Rec=0.030 F1=0.058 AUC=0.866
2025-09-24 17:33:06,341 | INFO | xgboost | Acc=0.969 Prec=0.888 Rec=0.455 F1=0.602 AUC=0.847
2025-09-24 17:36:38,068 | INFO | Logging initialized at experiments/payment/reports/run.log
2025-09-24 17:36:38,114 | INFO | Loaded data/payment/processed/Fraudulent_E-Commerce_Transaction_Data.csv with 23634 rows, 16 columns
2025-09-24 17:36:38,129 | INFO | Dropped 0 duplicate rows
2025-09-24 17:36:38,149 | INFO | Feature engineering complete. Shape: (23634, 18)
2025-09-24 17:36:38,626 | INFO | Saved model: experiments/payment/models/log_reg.joblib
2025-09-24 17:36:43,385 | INFO | Saved model: experiments/payment/models/random_forest.joblib
2025-09-24 17:36:44,881 | INFO | Saved model: experiments/payment/models/xgboost.joblib
2025-09-24 17:36:45,053 | INFO | log_reg | Acc=0.969 Prec=0.896 Rec=0.447 F1=0.596 AUC=0.826
2025-09-24 17:36:45,961 | INFO | random_forest | Acc=0.950 Prec=1.000 Rec=0.030 F1=0.058 AUC=0.866
2025-09-24 17:36:46,162 | INFO | xgboost | Acc=0.969 Prec=0.888 Rec=0.455 F1=0.602 AUC=0.847
2025-09-24 17:36:47,412 | INFO | Ensemble metrics saved at experiments/payment/ensembles/ensemble_metrics.csv
2025-09-24 17:36:47,412 | INFO | Finished experiment for payment
2025-09-24 17:43:11,707 | INFO | Logging initialized at experiments/payment/reports/run.log
2025-09-24 17:43:11,749 | INFO | Loaded data/payment/processed/Fraudulent_E-Commerce_Transaction_Data.csv with 23634 rows, 16 columns
2025-09-24 17:43:11,763 | INFO | Dropped 0 duplicate rows
2025-09-24 17:43:11,784 | INFO | Feature engineering complete. Shape: (23634, 18)
2025-09-24 17:43:12,249 | INFO | Saved model: experiments/payment/models/log_reg.joblib
2025-09-24 17:43:16,933 | INFO | Saved model: experiments/payment/models/random_forest.joblib
2025-09-24 17:43:18,420 | INFO | Saved model: experiments/payment/models/xgboost.joblib
2025-09-24 17:43:18,595 | INFO | log_reg | Acc=0.969 Prec=0.896 Rec=0.447 F1=0.596 AUC=0.826
2025-09-24 17:43:19,504 | INFO | random_forest | Acc=0.950 Prec=1.000 Rec=0.030 F1=0.058 AUC=0.866
2025-09-24 17:43:19,703 | INFO | xgboost | Acc=0.969 Prec=0.888 Rec=0.455 F1=0.602 AUC=0.847
2025-09-24 17:43:20,947 | INFO | Ensemble metrics saved at experiments/payment/ensembles/ensemble_metrics.csv
2025-09-24 17:43:20,947 | INFO | Finished experiment for payment
2025-09-24 17:59:57,426 | INFO | Logging initialized at experiments/payment/reports/run.log
2025-09-24 17:59:57,471 | INFO | Loaded data/payment/processed/Fraudulent_E-Commerce_Transaction_Data.csv with 23634 rows, 16 columns
2025-09-24 17:59:57,485 | INFO | Dropped 0 duplicate rows
2025-09-24 17:59:57,507 | INFO | Feature engineering complete. Shape: (23634, 18)
2025-09-24 17:59:57,983 | INFO | Saved model: experiments/payment/models/log_reg.joblib
2025-09-24 18:00:02,726 | INFO | Saved model: experiments/payment/models/random_forest.joblib
2025-09-24 18:00:04,217 | INFO | Saved model: experiments/payment/models/xgboost.joblib
2025-09-24 18:00:04,572 | INFO | log_reg | Acc=0.969 Prec=0.896 Rec=0.447 F1=0.596 AUC=0.826
2025-09-24 18:00:05,568 | INFO | random_forest | Acc=0.950 Prec=1.000 Rec=0.030 F1=0.058 AUC=0.866
2025-09-24 18:00:05,851 | INFO | xgboost | Acc=0.969 Prec=0.888 Rec=0.455 F1=0.602 AUC=0.847
2025-09-24 18:00:07,096 | INFO | Ensemble metrics saved at experiments/payment/ensembles/ensemble_metrics.csv
2025-09-24 18:00:07,097 | INFO | Finished experiment for payment
2025-09-24 18:18:09,685 | INFO | Logging initialized at experiments/payment/reports/run.log
2025-09-24 18:18:09,731 | INFO | Loaded data/payment/processed/Fraudulent_E-Commerce_Transaction_Data.csv with 23634 rows, 16 columns
2025-09-24 18:18:09,745 | INFO | Dropped 0 duplicate rows
2025-09-24 18:18:09,766 | INFO | Feature engineering complete. Shape: (23634, 18)
2025-09-24 18:18:10,245 | INFO | Saved model: experiments/payment/models/log_reg.joblib
2025-09-24 18:18:14,952 | INFO | Saved model: experiments/payment/models/random_forest.joblib
2025-09-24 18:18:16,456 | INFO | Saved model: experiments/payment/models/xgboost.joblib
2025-09-24 18:18:16,827 | INFO | log_reg | Acc=0.969 Prec=0.896 Rec=0.447 F1=0.596 AUC=0.826
2025-09-24 18:18:17,810 | INFO | random_forest | Acc=0.950 Prec=1.000 Rec=0.030 F1=0.058 AUC=0.866
2025-09-24 18:18:18,091 | INFO | xgboost | Acc=0.969 Prec=0.888 Rec=0.455 F1=0.602 AUC=0.847
2025-09-24 18:18:19,601 | INFO | Ensemble metrics saved at experiments/payment/ensembles/ensemble_metrics.csv
2025-09-24 18:18:19,601 | INFO | Finished experiment for payment
2025-09-24 18:33:21,369 | INFO | Logging initialized at experiments/payment/reports/run.log
2025-09-24 18:33:21,413 | INFO | Loaded data/payment/processed/Fraudulent_E-Commerce_Transaction_Data.csv with 23634 rows, 16 columns
2025-09-24 18:33:21,427 | INFO | Dropped 0 duplicate rows
2025-09-24 18:33:21,448 | INFO | Feature engineering complete. Shape: (23634, 18)
2025-09-24 18:33:21,921 | INFO | Saved model: experiments/payment/models/log_reg.joblib
2025-09-24 18:33:26,709 | INFO | Saved model: experiments/payment/models/random_forest.joblib
2025-09-24 18:33:28,196 | INFO | Saved model: experiments/payment/models/xgboost.joblib
2025-09-24 18:33:28,545 | INFO | log_reg | Acc=0.969 Prec=0.896 Rec=0.447 F1=0.596 AUC=0.826
2025-09-24 18:33:29,532 | INFO | random_forest | Acc=0.950 Prec=1.000 Rec=0.030 F1=0.058 AUC=0.866
2025-09-24 18:33:29,814 | INFO | xgboost | Acc=0.969 Prec=0.888 Rec=0.455 F1=0.602 AUC=0.847
2025-09-24 18:33:31,353 | INFO | Ensemble metrics saved at experiments/payment/ensembles/ensemble_metrics.csv
2025-09-24 18:33:31,353 | INFO | Finished experiment for payment
2025-09-24 18:41:35,505 | INFO | Logging initialized at experiments/payment/reports/run.log
2025-09-24 18:41:35,553 | INFO | Loaded data/payment/processed/Fraudulent_E-Commerce_Transaction_Data.csv with 23634 rows, 16 columns
2025-09-24 18:41:35,569 | INFO | Dropped 0 duplicate rows
2025-09-24 18:41:35,590 | INFO | Feature engineering complete. Shape: (23634, 18)
2025-09-24 18:41:36,112 | INFO | Saved model: experiments/payment/models/log_reg.joblib
2025-09-24 18:41:40,933 | INFO | Saved model: experiments/payment/models/random_forest.joblib
2025-09-24 18:41:42,656 | INFO | Saved model: experiments/payment/models/xgboost.joblib
2025-09-24 18:41:43,053 | INFO | log_reg | Acc=0.969 Prec=0.896 Rec=0.447 F1=0.596 AUC=0.826
2025-09-24 18:41:44,065 | INFO | random_forest | Acc=0.950 Prec=1.000 Rec=0.030 F1=0.058 AUC=0.866
2025-09-24 18:41:44,363 | INFO | xgboost | Acc=0.969 Prec=0.888 Rec=0.455 F1=0.602 AUC=0.847
2025-09-24 18:41:44,671 | INFO | Saved ensemble results: detailed and averaged.
2025-09-24 18:41:45,962 | INFO | Ensemble metrics saved at experiments/payment/ensembles/ensemble_metrics.csv
2025-09-24 18:41:45,962 | INFO | Finished experiment for payment
2025-09-24 19:30:49,116 | INFO | Logging initialized at experiments/payment/reports/run.log
2025-09-24 19:31:03,368 | INFO | Logging initialized at experiments/payment/reports/run.log
2025-09-24 19:33:47,991 | INFO | Logging initialized at experiments/payment/reports/run.log
2025-09-24 19:33:48,035 | INFO | Loaded data/payment/processed/Fraudulent_E-Commerce_Transaction_Data.csv with 23634 rows, 16 columns
2025-09-24 19:33:48,048 | INFO | Dropped 0 duplicate rows
2025-09-24 19:33:48,069 | INFO | Feature engineering complete. Shape: (23634, 18)
2025-09-24 19:33:48,538 | INFO | Saved model: experiments/payment/models/log_reg.joblib
2025-09-24 19:33:53,260 | INFO | Saved model: experiments/payment/models/random_forest.joblib
2025-09-24 19:33:54,740 | INFO | Saved model: experiments/payment/models/xgboost.joblib
2025-09-24 19:33:55,089 | INFO | log_reg | Acc=0.969 Prec=0.896 Rec=0.447 F1=0.596 AUC=0.826
2025-09-24 19:33:56,080 | INFO | random_forest | Acc=0.950 Prec=1.000 Rec=0.030 F1=0.058 AUC=0.866
2025-09-24 19:33:56,358 | INFO | xgboost | Acc=0.969 Prec=0.888 Rec=0.455 F1=0.602 AUC=0.847
2025-09-24 19:33:56,659 | INFO | Saved ensemble results: detailed and averaged.
2025-09-24 19:33:57,909 | INFO | Ensemble metrics saved at experiments/payment/ensembles/ensemble_metrics.csv
2025-09-24 19:33:57,909 | INFO | Finished experiment for payment
